# JRE version: OpenJDK Runtime Environment (11.0.15) (build 11.0.15+0-b2043.56-9505619)
# Java VM: OpenJDK 64-Bit Server VM (11.0.15+0-b2043.56-9505619, mixed mode, tiered, compressed oops, g1 gc, windows-amd64)
Heap:
 garbage-first heap   total 262144K, used 44897K [0x0000000080000000, 0x0000000100000000)
  region size 1024K, 29 young (29696K), 5 survivors (5120K)
 Metaspace       used 37429K, capacity 38246K, committed 38448K, reserved 1083392K
  class space    used 4909K, capacity 5179K, committed 5248K, reserved 1048576K
GC Heap History (10 events):
Event: 0.864 GC heap before
{Heap before GC invocations=0 (full 0):
 garbage-first heap   total 262144K, used 29696K [0x0000000080000000, 0x0000000100000000)
  region size 1024K, 24 young (24576K), 0 survivors (0K)
 Metaspace       used 9776K, capacity 9956K, committed 10112K, reserved 1058816K
  class space    used 997K, capacity 1069K, committed 1152K, reserved 1048576K
}
Event: 0.873 GC heap after
{Heap after GC invocations=1 (full 0):
 garbage-first heap   total 262144K, used 9393K [0x0000000080000000, 0x0000000100000000)
  region size 1024K, 3 young (3072K), 3 survivors (3072K)
 Metaspace       used 9776K, capacity 9956K, committed 10112K, reserved 1058816K
  class space    used 997K, capacity 1069K, committed 1152K, reserved 1048576K
}
Event: 2.911 GC heap before
{Heap before GC invocations=1 (full 0):
 garbage-first heap   total 262144K, used 108721K [0x0000000080000000, 0x0000000100000000)
  region size 1024K, 100 young (102400K), 3 survivors (3072K)
 Metaspace       used 20860K, capacity 21213K, committed 21296K, reserved 1069056K
  class space    used 2522K, capacity 2651K, committed 2688K, reserved 1048576K
}
Event: 2.919 GC heap after
{Heap after GC invocations=2 (full 0):
 garbage-first heap   total 262144K, used 17236K [0x0000000080000000, 0x0000000100000000)
  region size 1024K, 11 young (11264K), 11 survivors (11264K)
 Metaspace       used 20860K, capacity 21213K, committed 21296K, reserved 1069056K
  class space    used 2522K, capacity 2651K, committed 2688K, reserved 1048576K
}
Event: 3.439 GC heap before
{Heap before GC invocations=3 (full 0):
 garbage-first heap   total 262144K, used 66388K [0x0000000080000000, 0x0000000100000000)
  region size 1024K, 60 young (61440K), 11 survivors (11264K)
 Metaspace       used 25914K, capacity 26525K, committed 26800K, reserved 1073152K
  class space    used 3332K, capacity 3537K, committed 3584K, reserved 1048576K
}
Event: 3.447 GC heap after
{Heap after GC invocations=4 (full 0):
 garbage-first heap   total 262144K, used 19027K [0x0000000080000000, 0x0000000100000000)
  region size 1024K, 3 young (3072K), 3 survivors (3072K)
 Metaspace       used 25914K, capacity 26525K, committed 26800K, reserved 1073152K
  class space    used 3332K, capacity 3537K, committed 3584K, reserved 1048576K
}
Event: 4.436 GC heap before
{Heap before GC invocations=4 (full 0):
 garbage-first heap   total 262144K, used 123475K [0x0000000080000000, 0x0000000100000000)
  region size 1024K, 104 young (106496K), 3 survivors (3072K)
 Metaspace       used 34407K, capacity 35205K, committed 35504K, reserved 1079296K
  class space    used 4459K, capacity 4766K, committed 4864K, reserved 1048576K
}
Event: 4.439 GC heap after
{Heap after GC invocations=5 (full 0):
 garbage-first heap   total 262144K, used 21155K [0x0000000080000000, 0x0000000100000000)
  region size 1024K, 5 young (5120K), 5 survivors (5120K)
 Metaspace       used 34407K, capacity 35205K, committed 35504K, reserved 1079296K
  class space    used 4459K, capacity 4766K, committed 4864K, reserved 1048576K
}
Event: 4.539 GC heap before
{Heap before GC invocations=5 (full 0):
 garbage-first heap   total 262144K, used 27299K [0x0000000080000000, 0x0000000100000000)
  region size 1024K, 12 young (12288K), 5 survivors (5120K)
 Metaspace       used 35013K, capacity 35764K, committed 35920K, reserved 1081344K
  class space    used 4547K, capacity 4867K, committed 4992K, reserved 1048576K
}
Event: 4.546 GC heap after
{Heap after GC invocations=6 (full 0):
 garbage-first heap   total 262144K, used 21345K [0x0000000080000000, 0x0000000100000000)
  region size 1024K, 5 young (5120K), 5 survivors (5120K)
 Metaspace       used 35013K, capacity 35764K, committed 35920K, reserved 1081344K
  class space    used 4547K, capacity 4867K, committed 4992K, reserved 1048576K
}

