# JRE version: OpenJDK Runtime Environment (11.0.15) (build 11.0.15+0-b2043.56-9505619)
# Java VM: OpenJDK 64-Bit Server VM (11.0.15+0-b2043.56-9505619, mixed mode, tiered, compressed oops, g1 gc, windows-amd64)
Heap:
 garbage-first heap   total 262144K, used 148597K [0x0000000080000000, 0x0000000100000000)
  region size 1024K, 24 young (24576K), 4 survivors (4096K)
 Metaspace       used 92299K, capacity 95718K, committed 96464K, reserved 1132544K
  class space    used 11932K, capacity 13223K, committed 13440K, reserved 1048576K
GC Heap History (20 events):
Event: 9.837 GC heap before
{Heap before GC invocations=8 (full 0):
 garbage-first heap   total 262144K, used 180696K [0x0000000080000000, 0x0000000100000000)
  region size 1024K, 153 young (156672K), 16 survivors (16384K)
 Metaspace       used 56770K, capacity 58879K, committed 59184K, reserved 1099776K
  class space    used 7520K, capacity 8255K, committed 8320K, reserved 1048576K
}
Event: 9.876 GC heap after
{Heap after GC invocations=9 (full 0):
 garbage-first heap   total 262144K, used 54003K [0x0000000080000000, 0x0000000100000000)
  region size 1024K, 17 young (17408K), 17 survivors (17408K)
 Metaspace       used 56770K, capacity 58879K, committed 59184K, reserved 1099776K
  class space    used 7520K, capacity 8255K, committed 8320K, reserved 1048576K
}
Event: 10.646 GC heap before
{Heap before GC invocations=9 (full 0):
 garbage-first heap   total 262144K, used 170739K [0x0000000080000000, 0x0000000100000000)
  region size 1024K, 133 young (136192K), 17 survivors (17408K)
 Metaspace       used 57972K, capacity 60164K, committed 60240K, reserved 1101824K
  class space    used 7609K, capacity 8420K, committed 8448K, reserved 1048576K
}
Event: 10.665 GC heap after
{Heap after GC invocations=10 (full 0):
 garbage-first heap   total 262144K, used 60743K [0x0000000080000000, 0x0000000100000000)
  region size 1024K, 9 young (9216K), 9 survivors (9216K)
 Metaspace       used 57972K, capacity 60164K, committed 60240K, reserved 1101824K
  class space    used 7609K, capacity 8420K, committed 8448K, reserved 1048576K
}
Event: 11.243 GC heap before
{Heap before GC invocations=11 (full 0):
 garbage-first heap   total 262144K, used 188743K [0x0000000080000000, 0x0000000100000000)
  region size 1024K, 135 young (138240K), 9 survivors (9216K)
 Metaspace       used 58131K, capacity 60327K, committed 60496K, reserved 1101824K
  class space    used 7611K, capacity 8421K, committed 8448K, reserved 1048576K
}
Event: 11.258 GC heap after
{Heap after GC invocations=12 (full 0):
 garbage-first heap   total 262144K, used 65123K [0x0000000080000000, 0x0000000100000000)
  region size 1024K, 13 young (13312K), 13 survivors (13312K)
 Metaspace       used 58131K, capacity 60327K, committed 60496K, reserved 1101824K
  class space    used 7611K, capacity 8421K, committed 8448K, reserved 1048576K
}
Event: 11.776 GC heap before
{Heap before GC invocations=12 (full 0):
 garbage-first heap   total 262144K, used 196195K [0x0000000080000000, 0x0000000100000000)
  region size 1024K, 142 young (145408K), 13 survivors (13312K)
 Metaspace       used 58256K, capacity 60534K, committed 60752K, reserved 1101824K
  class space    used 7625K, capacity 8423K, committed 8448K, reserved 1048576K
}
Event: 11.792 GC heap after
{Heap after GC invocations=13 (full 0):
 garbage-first heap   total 262144K, used 71235K [0x0000000080000000, 0x0000000100000000)
  region size 1024K, 14 young (14336K), 14 survivors (14336K)
 Metaspace       used 58256K, capacity 60534K, committed 60752K, reserved 1101824K
  class space    used 7625K, capacity 8423K, committed 8448K, reserved 1048576K
}
Event: 12.952 GC heap before
{Heap before GC invocations=13 (full 0):
 garbage-first heap   total 262144K, used 203331K [0x0000000080000000, 0x0000000100000000)
  region size 1024K, 141 young (144384K), 14 survivors (14336K)
 Metaspace       used 64287K, capacity 66616K, committed 66768K, reserved 1107968K
  class space    used 8402K, capacity 9230K, committed 9344K, reserved 1048576K
}
Event: 12.968 GC heap after
{Heap after GC invocations=14 (full 0):
 garbage-first heap   total 262144K, used 80232K [0x0000000080000000, 0x0000000100000000)
  region size 1024K, 15 young (15360K), 15 survivors (15360K)
 Metaspace       used 64287K, capacity 66616K, committed 66768K, reserved 1107968K
  class space    used 8402K, capacity 9230K, committed 9344K, reserved 1048576K
}
Event: 13.935 GC heap before
{Heap before GC invocations=14 (full 0):
 garbage-first heap   total 262144K, used 204136K [0x0000000080000000, 0x0000000100000000)
  region size 1024K, 137 young (140288K), 15 survivors (15360K)
 Metaspace       used 66825K, capacity 69074K, committed 69200K, reserved 1110016K
  class space    used 8614K, capacity 9452K, committed 9472K, reserved 1048576K
}
Event: 13.950 GC heap after
{Heap after GC invocations=15 (full 0):
 garbage-first heap   total 262144K, used 86043K [0x0000000080000000, 0x0000000100000000)
  region size 1024K, 15 young (15360K), 15 survivors (15360K)
 Metaspace       used 66825K, capacity 69074K, committed 69200K, reserved 1110016K
  class space    used 8614K, capacity 9452K, committed 9472K, reserved 1048576K
}
Event: 15.483 GC heap before
{Heap before GC invocations=15 (full 0):
 garbage-first heap   total 262144K, used 208923K [0x0000000080000000, 0x0000000100000000)
  region size 1024K, 134 young (137216K), 15 survivors (15360K)
 Metaspace       used 73966K, capacity 76405K, committed 76624K, reserved 1116160K
  class space    used 9486K, capacity 10383K, committed 10496K, reserved 1048576K
}
Event: 15.517 GC heap after
{Heap after GC invocations=16 (full 0):
 garbage-first heap   total 262144K, used 108064K [0x0000000080000000, 0x0000000100000000)
  region size 1024K, 17 young (17408K), 17 survivors (17408K)
 Metaspace       used 73966K, capacity 76405K, committed 76624K, reserved 1116160K
  class space    used 9486K, capacity 10383K, committed 10496K, reserved 1048576K
}
Event: 17.147 GC heap before
{Heap before GC invocations=16 (full 0):
 garbage-first heap   total 262144K, used 204320K [0x0000000080000000, 0x0000000100000000)
  region size 1024K, 111 young (113664K), 17 survivors (17408K)
 Metaspace       used 77472K, capacity 80099K, committed 80208K, reserved 1118208K
  class space    used 9786K, capacity 10752K, committed 10752K, reserved 1048576K
}
Event: 17.175 GC heap after
{Heap after GC invocations=17 (full 0):
 garbage-first heap   total 262144K, used 122190K [0x0000000080000000, 0x0000000100000000)
  region size 1024K, 13 young (13312K), 13 survivors (13312K)
 Metaspace       used 77472K, capacity 80099K, committed 80208K, reserved 1118208K
  class space    used 9786K, capacity 10752K, committed 10752K, reserved 1048576K
}
Event: 18.028 GC heap before
{Heap before GC invocations=17 (full 0):
 garbage-first heap   total 262144K, used 206158K [0x0000000080000000, 0x0000000100000000)
  region size 1024K, 96 young (98304K), 13 survivors (13312K)
 Metaspace       used 79491K, capacity 82302K, committed 82384K, reserved 1120256K
  class space    used 10040K, capacity 11061K, committed 11136K, reserved 1048576K
}
Event: 18.048 GC heap after
{Heap after GC invocations=18 (full 0):
 garbage-first heap   total 262144K, used 129850K [0x0000000080000000, 0x0000000100000000)
  region size 1024K, 8 young (8192K), 8 survivors (8192K)
 Metaspace       used 79491K, capacity 82302K, committed 82384K, reserved 1120256K
  class space    used 10040K, capacity 11061K, committed 11136K, reserved 1048576K
}
Event: 19.646 GC heap before
{Heap before GC invocations=18 (full 0):
 garbage-first heap   total 262144K, used 208698K [0x0000000080000000, 0x0000000100000000)
  region size 1024K, 86 young (88064K), 8 survivors (8192K)
 Metaspace       used 91307K, capacity 94817K, committed 94928K, reserved 1130496K
  class space    used 11799K, capacity 13160K, committed 13184K, reserved 1048576K
}
Event: 19.664 GC heap after
{Heap after GC invocations=19 (full 0):
 garbage-first heap   total 262144K, used 133237K [0x0000000080000000, 0x0000000100000000)
  region size 1024K, 4 young (4096K), 4 survivors (4096K)
 Metaspace       used 91307K, capacity 94817K, committed 94928K, reserved 1130496K
  class space    used 11799K, capacity 13160K, committed 13184K, reserved 1048576K
}

