# JRE version: OpenJDK Runtime Environment (11.0.15) (build 11.0.15+0-b2043.56-9505619)
# Java VM: OpenJDK 64-Bit Server VM (11.0.15+0-b2043.56-9505619, mixed mode, tiered, compressed oops, g1 gc, windows-amd64)
Heap:
 garbage-first heap   total 262144K, used 115302K [0x0000000080000000, 0x0000000100000000)
  region size 1024K, 47 young (48128K), 15 survivors (15360K)
 Metaspace       used 66918K, capacity 69142K, committed 69552K, reserved 1110016K
  class space    used 8548K, capacity 9342K, committed 9472K, reserved 1048576K
GC Heap History (20 events):
Event: 4.579 GC heap before
{Heap before GC invocations=3 (full 0):
 garbage-first heap   total 262144K, used 83815K [0x0000000080000000, 0x0000000100000000)
  region size 1024K, 76 young (77824K), 11 survivors (11264K)
 Metaspace       used 28242K, capacity 28793K, committed 29104K, reserved 1075200K
  class space    used 3537K, capacity 3738K, committed 3840K, reserved 1048576K
}
Event: 4.585 GC heap after
{Heap after GC invocations=4 (full 0):
 garbage-first heap   total 262144K, used 19332K [0x0000000080000000, 0x0000000100000000)
  region size 1024K, 3 young (3072K), 3 survivors (3072K)
 Metaspace       used 28242K, capacity 28793K, committed 29104K, reserved 1075200K
  class space    used 3537K, capacity 3738K, committed 3840K, reserved 1048576K
}
Event: 5.396 GC heap before
{Heap before GC invocations=4 (full 0):
 garbage-first heap   total 262144K, used 112516K [0x0000000080000000, 0x0000000100000000)
  region size 1024K, 95 young (97280K), 3 survivors (3072K)
 Metaspace       used 34984K, capacity 35734K, committed 35920K, reserved 1081344K
  class space    used 4542K, capacity 4834K, committed 4864K, reserved 1048576K
}
Event: 5.401 GC heap after
{Heap after GC invocations=5 (full 0):
 garbage-first heap   total 262144K, used 21321K [0x0000000080000000, 0x0000000100000000)
  region size 1024K, 5 young (5120K), 5 survivors (5120K)
 Metaspace       used 34984K, capacity 35734K, committed 35920K, reserved 1081344K
  class space    used 4542K, capacity 4834K, committed 4864K, reserved 1048576K
}
Event: 7.093 GC heap before
{Heap before GC invocations=6 (full 0):
 garbage-first heap   total 262144K, used 139081K [0x0000000080000000, 0x0000000100000000)
  region size 1024K, 119 young (121856K), 5 survivors (5120K)
 Metaspace       used 46916K, capacity 48085K, committed 48176K, reserved 1091584K
  class space    used 6016K, capacity 6453K, committed 6528K, reserved 1048576K
}
Event: 7.105 GC heap after
{Heap after GC invocations=7 (full 0):
 garbage-first heap   total 262144K, used 35822K [0x0000000080000000, 0x0000000100000000)
  region size 1024K, 15 young (15360K), 15 survivors (15360K)
 Metaspace       used 46916K, capacity 48085K, committed 48176K, reserved 1091584K
  class space    used 6016K, capacity 6453K, committed 6528K, reserved 1048576K
}
Event: 8.785 GC heap before
{Heap before GC invocations=7 (full 0):
 garbage-first heap   total 262144K, used 179182K [0x0000000080000000, 0x0000000100000000)
  region size 1024K, 153 young (156672K), 15 survivors (15360K)
 Metaspace       used 56753K, capacity 58873K, committed 59184K, reserved 1099776K
  class space    used 7511K, capacity 8235K, committed 8320K, reserved 1048576K
}
Event: 8.809 GC heap after
{Heap after GC invocations=8 (full 0):
 garbage-first heap   total 262144K, used 52453K [0x0000000080000000, 0x0000000100000000)
  region size 1024K, 18 young (18432K), 18 survivors (18432K)
 Metaspace       used 56753K, capacity 58873K, committed 59184K, reserved 1099776K
  class space    used 7511K, capacity 8235K, committed 8320K, reserved 1048576K
}
Event: 9.627 GC heap before
{Heap before GC invocations=8 (full 0):
 garbage-first heap   total 262144K, used 181477K [0x0000000080000000, 0x0000000100000000)
  region size 1024K, 145 young (148480K), 18 survivors (18432K)
 Metaspace       used 57936K, capacity 60142K, committed 60336K, reserved 1101824K
  class space    used 7596K, capacity 8399K, committed 8448K, reserved 1048576K
}
Event: 9.642 GC heap after
{Heap after GC invocations=9 (full 0):
 garbage-first heap   total 262144K, used 61260K [0x0000000080000000, 0x0000000100000000)
  region size 1024K, 10 young (10240K), 10 survivors (10240K)
 Metaspace       used 57936K, capacity 60142K, committed 60336K, reserved 1101824K
  class space    used 7596K, capacity 8399K, committed 8448K, reserved 1048576K
}
Event: 9.661 GC heap before
{Heap before GC invocations=9 (full 0):
 garbage-first heap   total 262144K, used 67404K [0x0000000080000000, 0x0000000100000000)
  region size 1024K, 18 young (18432K), 10 survivors (10240K)
 Metaspace       used 57989K, capacity 60224K, committed 60336K, reserved 1101824K
  class space    used 7596K, capacity 8399K, committed 8448K, reserved 1048576K
}
Event: 9.666 GC heap after
{Heap after GC invocations=10 (full 0):
 garbage-first heap   total 262144K, used 60735K [0x0000000080000000, 0x0000000100000000)
  region size 1024K, 10 young (10240K), 10 survivors (10240K)
 Metaspace       used 57989K, capacity 60224K, committed 60336K, reserved 1101824K
  class space    used 7596K, capacity 8399K, committed 8448K, reserved 1048576K
}
Event: 10.118 GC heap before
{Heap before GC invocations=11 (full 0):
 garbage-first heap   total 262144K, used 175423K [0x0000000080000000, 0x0000000100000000)
  region size 1024K, 123 young (125952K), 10 survivors (10240K)
 Metaspace       used 57801K, capacity 59811K, committed 60592K, reserved 1101824K
  class space    used 7499K, capacity 8224K, committed 8448K, reserved 1048576K
}
Event: 10.130 GC heap after
{Heap after GC invocations=12 (full 0):
 garbage-first heap   total 262144K, used 64900K [0x0000000080000000, 0x0000000100000000)
  region size 1024K, 8 young (8192K), 8 survivors (8192K)
 Metaspace       used 57801K, capacity 59811K, committed 60592K, reserved 1101824K
  class space    used 7499K, capacity 8224K, committed 8448K, reserved 1048576K
}
Event: 10.494 GC heap before
{Heap before GC invocations=12 (full 0):
 garbage-first heap   total 262144K, used 182660K [0x0000000080000000, 0x0000000100000000)
  region size 1024K, 124 young (126976K), 8 survivors (8192K)
 Metaspace       used 57905K, capacity 59954K, committed 60592K, reserved 1101824K
  class space    used 7514K, capacity 8227K, committed 8448K, reserved 1048576K
}
Event: 10.505 GC heap after
{Heap after GC invocations=13 (full 0):
 garbage-first heap   total 262144K, used 69982K [0x0000000080000000, 0x0000000100000000)
  region size 1024K, 13 young (13312K), 13 survivors (13312K)
 Metaspace       used 57905K, capacity 59954K, committed 60592K, reserved 1101824K
  class space    used 7514K, capacity 8227K, committed 8448K, reserved 1048576K
}
Event: 11.386 GC heap before
{Heap before GC invocations=13 (full 0):
 garbage-first heap   total 262144K, used 191838K [0x0000000080000000, 0x0000000100000000)
  region size 1024K, 131 young (134144K), 13 survivors (13312K)
 Metaspace       used 62929K, capacity 64982K, committed 65584K, reserved 1105920K
  class space    used 8155K, capacity 8898K, committed 9088K, reserved 1048576K
}
Event: 11.400 GC heap after
{Heap after GC invocations=14 (full 0):
 garbage-first heap   total 262144K, used 79058K [0x0000000080000000, 0x0000000100000000)
  region size 1024K, 15 young (15360K), 15 survivors (15360K)
 Metaspace       used 62929K, capacity 64982K, committed 65584K, reserved 1105920K
  class space    used 8155K, capacity 8898K, committed 9088K, reserved 1048576K
}
Event: 12.367 GC heap before
{Heap before GC invocations=14 (full 0):
 garbage-first heap   total 262144K, used 195794K [0x0000000080000000, 0x0000000100000000)
  region size 1024K, 130 young (133120K), 15 survivors (15360K)
 Metaspace       used 64025K, capacity 66121K, committed 66480K, reserved 1105920K
  class space    used 8289K, capacity 9038K, committed 9216K, reserved 1048576K
}
Event: 12.380 GC heap after
{Heap after GC invocations=15 (full 0):
 garbage-first heap   total 262144K, used 84582K [0x0000000080000000, 0x0000000100000000)
  region size 1024K, 15 young (15360K), 15 survivors (15360K)
 Metaspace       used 64025K, capacity 66121K, committed 66480K, reserved 1105920K
  class space    used 8289K, capacity 9038K, committed 9216K, reserved 1048576K
}

