# JRE version: OpenJDK Runtime Environment (11.0.15) (build 11.0.15+0-b2043.56-9505619)
# Java VM: OpenJDK 64-Bit Server VM (11.0.15+0-b2043.56-9505619, mixed mode, tiered, compressed oops, g1 gc, windows-amd64)
Heap:
 garbage-first heap   total 272384K, used 169193K [0x0000000080000000, 0x0000000100000000)
  region size 1024K, 39 young (39936K), 5 survivors (5120K)
 Metaspace       used 105377K, capacity 108696K, committed 110160K, reserved 1144832K
  class space    used 12970K, capacity 14205K, committed 14848K, reserved 1048576K
GC Heap History (20 events):
Event: 2452.591 GC heap before
{Heap before GC invocations=42 (full 0):
 garbage-first heap   total 272384K, used 211677K [0x0000000080000000, 0x0000000100000000)
  region size 1024K, 95 young (97280K), 6 survivors (6144K)
 Metaspace       used 103835K, capacity 107226K, committed 108880K, reserved 1142784K
  class space    used 12962K, capacity 14198K, committed 14848K, reserved 1048576K
}
Event: 2452.610 GC heap after
{Heap after GC invocations=43 (full 0):
 garbage-first heap   total 272384K, used 140197K [0x0000000080000000, 0x0000000100000000)
  region size 1024K, 12 young (12288K), 12 survivors (12288K)
 Metaspace       used 103835K, capacity 107226K, committed 108880K, reserved 1142784K
  class space    used 12962K, capacity 14198K, committed 14848K, reserved 1048576K
}
Event: 2452.615 GC heap before
{Heap before GC invocations=43 (full 0):
 garbage-first heap   total 272384K, used 141221K [0x0000000080000000, 0x0000000100000000)
  region size 1024K, 13 young (13312K), 12 survivors (12288K)
 Metaspace       used 103835K, capacity 107226K, committed 108880K, reserved 1142784K
  class space    used 12962K, capacity 14198K, committed 14848K, reserved 1048576K
}
Event: 2452.638 GC heap after
{Heap after GC invocations=44 (full 0):
 garbage-first heap   total 272384K, used 131878K [0x0000000080000000, 0x0000000100000000)
  region size 1024K, 2 young (2048K), 2 survivors (2048K)
 Metaspace       used 103835K, capacity 107226K, committed 108880K, reserved 1142784K
  class space    used 12962K, capacity 14198K, committed 14848K, reserved 1048576K
}
Event: 2453.164 GC heap before
{Heap before GC invocations=44 (full 0):
 garbage-first heap   total 272384K, used 211750K [0x0000000080000000, 0x0000000100000000)
  region size 1024K, 80 young (81920K), 2 survivors (2048K)
 Metaspace       used 104029K, capacity 107381K, committed 108880K, reserved 1142784K
  class space    used 12964K, capacity 14201K, committed 14848K, reserved 1048576K
}
Event: 2453.174 GC heap after
{Heap after GC invocations=45 (full 0):
 garbage-first heap   total 272384K, used 134323K [0x0000000080000000, 0x0000000100000000)
  region size 1024K, 4 young (4096K), 4 survivors (4096K)
 Metaspace       used 104029K, capacity 107381K, committed 108880K, reserved 1142784K
  class space    used 12964K, capacity 14201K, committed 14848K, reserved 1048576K
}
Event: 2502.727 GC heap before
{Heap before GC invocations=46 (full 0):
 garbage-first heap   total 272384K, used 262323K [0x0000000080000000, 0x0000000100000000)
  region size 1024K, 84 young (86016K), 4 survivors (4096K)
 Metaspace       used 104663K, capacity 108082K, committed 109648K, reserved 1144832K
  class space    used 12967K, capacity 14202K, committed 14848K, reserved 1048576K
}
Event: 2502.734 GC heap after
{Heap after GC invocations=47 (full 0):
 garbage-first heap   total 272384K, used 136788K [0x0000000080000000, 0x0000000100000000)
  region size 1024K, 7 young (7168K), 7 survivors (7168K)
 Metaspace       used 104663K, capacity 108082K, committed 109648K, reserved 1144832K
  class space    used 12967K, capacity 14202K, committed 14848K, reserved 1048576K
}
Event: 2502.766 GC heap before
{Heap before GC invocations=47 (full 0):
 garbage-first heap   total 272384K, used 142932K [0x0000000080000000, 0x0000000100000000)
  region size 1024K, 13 young (13312K), 7 survivors (7168K)
 Metaspace       used 104663K, capacity 108082K, committed 109648K, reserved 1144832K
  class space    used 12967K, capacity 14202K, committed 14848K, reserved 1048576K
}
Event: 2502.781 GC heap after
{Heap after GC invocations=48 (full 0):
 garbage-first heap   total 272384K, used 128072K [0x0000000080000000, 0x0000000100000000)
  region size 1024K, 2 young (2048K), 2 survivors (2048K)
 Metaspace       used 104663K, capacity 108082K, committed 109648K, reserved 1144832K
  class space    used 12967K, capacity 14202K, committed 14848K, reserved 1048576K
}
Event: 2503.269 GC heap before
{Heap before GC invocations=48 (full 0):
 garbage-first heap   total 272384K, used 192584K [0x0000000080000000, 0x0000000100000000)
  region size 1024K, 67 young (68608K), 2 survivors (2048K)
 Metaspace       used 104755K, capacity 108098K, committed 109648K, reserved 1144832K
  class space    used 12969K, capacity 14205K, committed 14848K, reserved 1048576K
}
Event: 2503.299 GC heap after
{Heap after GC invocations=49 (full 0):
 garbage-first heap   total 272384K, used 135135K [0x0000000080000000, 0x0000000100000000)
  region size 1024K, 9 young (9216K), 9 survivors (9216K)
 Metaspace       used 104755K, capacity 108098K, committed 109648K, reserved 1144832K
  class space    used 12969K, capacity 14205K, committed 14848K, reserved 1048576K
}
Event: 2504.303 GC heap before
{Heap before GC invocations=50 (full 0):
 garbage-first heap   total 272384K, used 216031K [0x0000000080000000, 0x0000000100000000)
  region size 1024K, 89 young (91136K), 9 survivors (9216K)
 Metaspace       used 104774K, capacity 108089K, committed 109648K, reserved 1144832K
  class space    used 12968K, capacity 14203K, committed 14848K, reserved 1048576K
}
Event: 2504.322 GC heap after
{Heap after GC invocations=51 (full 0):
 garbage-first heap   total 272384K, used 152643K [0x0000000080000000, 0x0000000100000000)
  region size 1024K, 12 young (12288K), 12 survivors (12288K)
 Metaspace       used 104774K, capacity 108089K, committed 109648K, reserved 1144832K
  class space    used 12968K, capacity 14203K, committed 14848K, reserved 1048576K
}
Event: 2504.330 GC heap before
{Heap before GC invocations=51 (full 0):
 garbage-first heap   total 272384K, used 153667K [0x0000000080000000, 0x0000000100000000)
  region size 1024K, 13 young (13312K), 12 survivors (12288K)
 Metaspace       used 104774K, capacity 108089K, committed 109648K, reserved 1144832K
  class space    used 12968K, capacity 14203K, committed 14848K, reserved 1048576K
}
Event: 2504.349 GC heap after
{Heap after GC invocations=52 (full 0):
 garbage-first heap   total 272384K, used 134312K [0x0000000080000000, 0x0000000100000000)
  region size 1024K, 2 young (2048K), 2 survivors (2048K)
 Metaspace       used 104774K, capacity 108089K, committed 109648K, reserved 1144832K
  class space    used 12968K, capacity 14203K, committed 14848K, reserved 1048576K
}
Event: 2504.469 GC heap before
{Heap before GC invocations=52 (full 0):
 garbage-first heap   total 272384K, used 145576K [0x0000000080000000, 0x0000000100000000)
  region size 1024K, 13 young (13312K), 2 survivors (2048K)
 Metaspace       used 104784K, capacity 108089K, committed 109648K, reserved 1144832K
  class space    used 12968K, capacity 14203K, committed 14848K, reserved 1048576K
}
Event: 2504.479 GC heap after
{Heap after GC invocations=53 (full 0):
 garbage-first heap   total 272384K, used 135695K [0x0000000080000000, 0x0000000100000000)
  region size 1024K, 2 young (2048K), 2 survivors (2048K)
 Metaspace       used 104784K, capacity 108089K, committed 109648K, reserved 1144832K
  class space    used 12968K, capacity 14203K, committed 14848K, reserved 1048576K
}
Event: 2505.128 GC heap before
{Heap before GC invocations=53 (full 0):
 garbage-first heap   total 272384K, used 213519K [0x0000000080000000, 0x0000000100000000)
  region size 1024K, 78 young (79872K), 2 survivors (2048K)
 Metaspace       used 105121K, capacity 108488K, committed 109904K, reserved 1144832K
  class space    used 12969K, capacity 14204K, committed 14848K, reserved 1048576K
}
Event: 2505.139 GC heap after
{Heap after GC invocations=54 (full 0):
 garbage-first heap   total 272384K, used 138473K [0x0000000080000000, 0x0000000100000000)
  region size 1024K, 5 young (5120K), 5 survivors (5120K)
 Metaspace       used 105121K, capacity 108488K, committed 109904K, reserved 1144832K
  class space    used 12969K, capacity 14204K, committed 14848K, reserved 1048576K
}

