# JRE version: OpenJDK Runtime Environment (11.0.15) (build 11.0.15+0-b2043.56-9505619)
# Java VM: OpenJDK 64-Bit Server VM (11.0.15+0-b2043.56-9505619, mixed mode, tiered, compressed oops, g1 gc, windows-amd64)
Heap:
 garbage-first heap   total 262144K, used 134834K [0x0000000080000000, 0x0000000100000000)
  region size 1024K, 44 young (45056K), 16 survivors (16384K)
 Metaspace       used 76092K, capacity 78527K, committed 78768K, reserved 1118208K
  class space    used 9605K, capacity 10444K, committed 10496K, reserved 1048576K
GC Heap History (20 events):
Event: 3.831 GC heap before
{Heap before GC invocations=3 (full 0):
 garbage-first heap   total 262144K, used 85896K [0x0000000080000000, 0x0000000100000000)
  region size 1024K, 78 young (79872K), 11 survivors (11264K)
 Metaspace       used 28576K, capacity 29227K, committed 29360K, reserved 1075200K
  class space    used 3588K, capacity 3840K, committed 3840K, reserved 1048576K
}
Event: 3.838 GC heap after
{Heap after GC invocations=4 (full 0):
 garbage-first heap   total 262144K, used 19182K [0x0000000080000000, 0x0000000100000000)
  region size 1024K, 3 young (3072K), 3 survivors (3072K)
 Metaspace       used 28576K, capacity 29227K, committed 29360K, reserved 1075200K
  class space    used 3588K, capacity 3840K, committed 3840K, reserved 1048576K
}
Event: 4.560 GC heap before
{Heap before GC invocations=4 (full 0):
 garbage-first heap   total 262144K, used 109294K [0x0000000080000000, 0x0000000100000000)
  region size 1024K, 92 young (94208K), 3 survivors (3072K)
 Metaspace       used 34973K, capacity 35734K, committed 35920K, reserved 1081344K
  class space    used 4542K, capacity 4834K, committed 4864K, reserved 1048576K
}
Event: 4.566 GC heap after
{Heap after GC invocations=5 (full 0):
 garbage-first heap   total 262144K, used 20849K [0x0000000080000000, 0x0000000100000000)
  region size 1024K, 5 young (5120K), 5 survivors (5120K)
 Metaspace       used 34973K, capacity 35734K, committed 35920K, reserved 1081344K
  class space    used 4542K, capacity 4834K, committed 4864K, reserved 1048576K
}
Event: 6.228 GC heap before
{Heap before GC invocations=6 (full 0):
 garbage-first heap   total 262144K, used 139633K [0x0000000080000000, 0x0000000100000000)
  region size 1024K, 120 young (122880K), 5 survivors (5120K)
 Metaspace       used 46896K, capacity 48081K, committed 48176K, reserved 1091584K
  class space    used 6019K, capacity 6453K, committed 6528K, reserved 1048576K
}
Event: 6.238 GC heap after
{Heap after GC invocations=7 (full 0):
 garbage-first heap   total 262144K, used 35288K [0x0000000080000000, 0x0000000100000000)
  region size 1024K, 15 young (15360K), 15 survivors (15360K)
 Metaspace       used 46896K, capacity 48081K, committed 48176K, reserved 1091584K
  class space    used 6019K, capacity 6453K, committed 6528K, reserved 1048576K
}
Event: 7.910 GC heap before
{Heap before GC invocations=7 (full 0):
 garbage-first heap   total 262144K, used 178648K [0x0000000080000000, 0x0000000100000000)
  region size 1024K, 153 young (156672K), 15 survivors (15360K)
 Metaspace       used 56733K, capacity 58855K, committed 58928K, reserved 1099776K
  class space    used 7510K, capacity 8249K, committed 8320K, reserved 1048576K
}
Event: 7.934 GC heap after
{Heap after GC invocations=8 (full 0):
 garbage-first heap   total 262144K, used 52441K [0x0000000080000000, 0x0000000100000000)
  region size 1024K, 18 young (18432K), 18 survivors (18432K)
 Metaspace       used 56733K, capacity 58855K, committed 58928K, reserved 1099776K
  class space    used 7510K, capacity 8249K, committed 8320K, reserved 1048576K
}
Event: 8.531 GC heap before
{Heap before GC invocations=8 (full 0):
 garbage-first heap   total 262144K, used 184537K [0x0000000080000000, 0x0000000100000000)
  region size 1024K, 147 young (150528K), 18 survivors (18432K)
 Metaspace       used 57464K, capacity 59598K, committed 59696K, reserved 1101824K
  class space    used 7517K, capacity 8253K, committed 8320K, reserved 1048576K
}
Event: 8.544 GC heap after
{Heap after GC invocations=9 (full 0):
 garbage-first heap   total 262144K, used 59475K [0x0000000080000000, 0x0000000100000000)
  region size 1024K, 11 young (11264K), 11 survivors (11264K)
 Metaspace       used 57464K, capacity 59598K, committed 59696K, reserved 1101824K
  class space    used 7517K, capacity 8253K, committed 8320K, reserved 1048576K
}
Event: 8.941 GC heap before
{Heap before GC invocations=9 (full 0):
 garbage-first heap   total 262144K, used 189523K [0x0000000080000000, 0x0000000100000000)
  region size 1024K, 139 young (142336K), 11 survivors (11264K)
 Metaspace       used 57677K, capacity 59762K, committed 59952K, reserved 1101824K
  class space    used 7518K, capacity 8254K, committed 8320K, reserved 1048576K
}
Event: 8.953 GC heap after
{Heap after GC invocations=10 (full 0):
 garbage-first heap   total 262144K, used 66075K [0x0000000080000000, 0x0000000100000000)
  region size 1024K, 9 young (9216K), 9 survivors (9216K)
 Metaspace       used 57677K, capacity 59762K, committed 59952K, reserved 1101824K
  class space    used 7518K, capacity 8254K, committed 8320K, reserved 1048576K
}
Event: 9.249 GC heap before
{Heap before GC invocations=10 (full 0):
 garbage-first heap   total 262144K, used 172571K [0x0000000080000000, 0x0000000100000000)
  region size 1024K, 115 young (117760K), 9 survivors (9216K)
 Metaspace       used 58105K, capacity 60283K, committed 60420K, reserved 1101824K
  class space    used 7579K, capacity 8364K, committed 8448K, reserved 1048576K
}
Event: 9.260 GC heap after
{Heap after GC invocations=11 (full 0):
 garbage-first heap   total 262144K, used 70042K [0x0000000080000000, 0x0000000100000000)
  region size 1024K, 13 young (13312K), 13 survivors (13312K)
 Metaspace       used 58105K, capacity 60283K, committed 60420K, reserved 1101824K
  class space    used 7579K, capacity 8364K, committed 8448K, reserved 1048576K
}
Event: 10.288 GC heap before
{Heap before GC invocations=12 (full 0):
 garbage-first heap   total 262144K, used 202138K [0x0000000080000000, 0x0000000100000000)
  region size 1024K, 141 young (144384K), 13 survivors (13312K)
 Metaspace       used 64011K, capacity 66103K, committed 66736K, reserved 1107968K
  class space    used 8282K, capacity 9034K, committed 9216K, reserved 1048576K
}
Event: 10.300 GC heap after
{Heap after GC invocations=13 (full 0):
 garbage-first heap   total 262144K, used 79009K [0x0000000080000000, 0x0000000100000000)
  region size 1024K, 14 young (14336K), 14 survivors (14336K)
 Metaspace       used 64011K, capacity 66103K, committed 66736K, reserved 1107968K
  class space    used 8282K, capacity 9034K, committed 9216K, reserved 1048576K
}
Event: 11.191 GC heap before
{Heap before GC invocations=13 (full 0):
 garbage-first heap   total 262144K, used 202913K [0x0000000080000000, 0x0000000100000000)
  region size 1024K, 136 young (139264K), 14 survivors (14336K)
 Metaspace       used 66508K, capacity 68584K, committed 69040K, reserved 1110016K
  class space    used 8489K, capacity 9221K, committed 9472K, reserved 1048576K
}
Event: 11.202 GC heap after
{Heap after GC invocations=14 (full 0):
 garbage-first heap   total 262144K, used 84477K [0x0000000080000000, 0x0000000100000000)
  region size 1024K, 8 young (8192K), 8 survivors (8192K)
 Metaspace       used 66508K, capacity 68584K, committed 69040K, reserved 1110016K
  class space    used 8489K, capacity 9221K, committed 9472K, reserved 1048576K
}
Event: 12.876 GC heap before
{Heap before GC invocations=14 (full 0):
 garbage-first heap   total 262144K, used 208381K [0x0000000080000000, 0x0000000100000000)
  region size 1024K, 128 young (131072K), 8 survivors (8192K)
 Metaspace       used 74061K, capacity 76316K, committed 76464K, reserved 1116160K
  class space    used 9405K, capacity 10199K, committed 10240K, reserved 1048576K
}
Event: 12.899 GC heap after
{Heap after GC invocations=15 (full 0):
 garbage-first heap   total 262144K, used 107186K [0x0000000080000000, 0x0000000100000000)
  region size 1024K, 16 young (16384K), 16 survivors (16384K)
 Metaspace       used 74061K, capacity 76316K, committed 76464K, reserved 1116160K
  class space    used 9405K, capacity 10199K, committed 10240K, reserved 1048576K
}

